<?xml version="1.0" encoding="UTF-8"?>
<!-- Generated by org.testng.reporters.JUnitXMLReporter -->
<testsuite ignored="0" hostname="LAPTOP-8FCBRHDG" failures="1" tests="1" name="Test" time="10.477" errors="0" timestamp="2026-03-14T18:33:20 CET">
  <testcase classname="testCases.TC_005" name="verify_searchproduct" time="6.051">
    <failure type="java.lang.AssertionError" message="Product not related to search: rs. 1200
little girls mr. panda shirt
add to cart expected [true] but found [false]">
      <![CDATA[java.lang.AssertionError: Product not related to search: rs. 1200
little girls mr. panda shirt
add to cart expected [true] but found [false]
at testCases.TC_005.verify_searchproduct(TC_005.java:40)
at java.base/java.util.ArrayList.forEach(ArrayList.java:1541)
... Removed 30 stack frames]]>
    </failure>
  </testcase> <!-- verify_searchproduct -->
</testsuite> <!-- Test -->
